c:\users\ingri\desktop\122\tower_defense_team_pa9\tower_defense_team_pa9\x64\debug\vc143.pdb
c:\users\ingri\desktop\122\tower_defense_team_pa9\tower_defense_team_pa9\x64\debug\vc143.idb
c:\users\ingri\desktop\122\tower_defense_team_pa9\tower_defense_team_pa9\x64\debug\testcases.obj
c:\users\ingri\desktop\122\tower_defense_team_pa9\tower_defense_team_pa9\x64\debug\spritemanager.obj
c:\users\ingri\desktop\122\tower_defense_team_pa9\tower_defense_team_pa9\x64\debug\player.obj
c:\users\ingri\desktop\122\tower_defense_team_pa9\tower_defense_team_pa9\x64\debug\npc.obj
c:\users\ingri\desktop\122\tower_defense_team_pa9\tower_defense_team_pa9\x64\debug\main.obj
c:\users\ingri\desktop\122\tower_defense_team_pa9\tower_defense_team_pa9\x64\debug\inputclass.obj
c:\users\ingri\desktop\122\tower_defense_team_pa9\tower_defense_team_pa9\x64\debug\entity.obj
c:\users\ingri\desktop\122\tower_defense_team_pa9\tower_defense_team_pa9\x64\debug\towerdefensegame.obj
c:\users\ingri\desktop\122\tower_defense_team_pa9\x64\debug\tower_defense_team_pa9.pdb
c:\users\ingri\desktop\122\tower_defense_team_pa9\tower_defense_team_pa9\x64\debug\tower_de.b78eb45f.tlog\cl.command.1.tlog
c:\users\ingri\desktop\122\tower_defense_team_pa9\tower_defense_team_pa9\x64\debug\tower_de.b78eb45f.tlog\cl.items.tlog
c:\users\ingri\desktop\122\tower_defense_team_pa9\tower_defense_team_pa9\x64\debug\tower_de.b78eb45f.tlog\cl.read.1.tlog
c:\users\ingri\desktop\122\tower_defense_team_pa9\tower_defense_team_pa9\x64\debug\tower_de.b78eb45f.tlog\cl.write.1.tlog
c:\users\ingri\desktop\122\tower_defense_team_pa9\tower_defense_team_pa9\x64\debug\tower_de.b78eb45f.tlog\link-cvtres.read.1.tlog
c:\users\ingri\desktop\122\tower_defense_team_pa9\tower_defense_team_pa9\x64\debug\tower_de.b78eb45f.tlog\link-cvtres.write.1.tlog
c:\users\ingri\desktop\122\tower_defense_team_pa9\tower_defense_team_pa9\x64\debug\tower_de.b78eb45f.tlog\link-rc.read.1.tlog
c:\users\ingri\desktop\122\tower_defense_team_pa9\tower_defense_team_pa9\x64\debug\tower_de.b78eb45f.tlog\link-rc.write.1.tlog
c:\users\ingri\desktop\122\tower_defense_team_pa9\tower_defense_team_pa9\x64\debug\tower_de.b78eb45f.tlog\link.17240-cvtres.read.1.tlog
c:\users\ingri\desktop\122\tower_defense_team_pa9\tower_defense_team_pa9\x64\debug\tower_de.b78eb45f.tlog\link.17240-cvtres.write.1.tlog
c:\users\ingri\desktop\122\tower_defense_team_pa9\tower_defense_team_pa9\x64\debug\tower_de.b78eb45f.tlog\link.17240-rc.read.1.tlog
c:\users\ingri\desktop\122\tower_defense_team_pa9\tower_defense_team_pa9\x64\debug\tower_de.b78eb45f.tlog\link.17240-rc.write.1.tlog
c:\users\ingri\desktop\122\tower_defense_team_pa9\tower_defense_team_pa9\x64\debug\tower_de.b78eb45f.tlog\link.17240.read.1.tlog
c:\users\ingri\desktop\122\tower_defense_team_pa9\tower_defense_team_pa9\x64\debug\tower_de.b78eb45f.tlog\link.17240.read.2.tlog
c:\users\ingri\desktop\122\tower_defense_team_pa9\tower_defense_team_pa9\x64\debug\tower_de.b78eb45f.tlog\link.17240.read.3.tlog
c:\users\ingri\desktop\122\tower_defense_team_pa9\tower_defense_team_pa9\x64\debug\tower_de.b78eb45f.tlog\link.17240.read.4.tlog
c:\users\ingri\desktop\122\tower_defense_team_pa9\tower_defense_team_pa9\x64\debug\tower_de.b78eb45f.tlog\link.17240.write.1.tlog
c:\users\ingri\desktop\122\tower_defense_team_pa9\tower_defense_team_pa9\x64\debug\tower_de.b78eb45f.tlog\link.command.1.tlog
c:\users\ingri\desktop\122\tower_defense_team_pa9\tower_defense_team_pa9\x64\debug\tower_de.b78eb45f.tlog\link.read.1.tlog
c:\users\ingri\desktop\122\tower_defense_team_pa9\tower_defense_team_pa9\x64\debug\tower_de.b78eb45f.tlog\link.read.2.tlog
c:\users\ingri\desktop\122\tower_defense_team_pa9\tower_defense_team_pa9\x64\debug\tower_de.b78eb45f.tlog\link.read.3.tlog
c:\users\ingri\desktop\122\tower_defense_team_pa9\tower_defense_team_pa9\x64\debug\tower_de.b78eb45f.tlog\link.read.4.tlog
c:\users\ingri\desktop\122\tower_defense_team_pa9\tower_defense_team_pa9\x64\debug\tower_de.b78eb45f.tlog\link.read.5.tlog
c:\users\ingri\desktop\122\tower_defense_team_pa9\tower_defense_team_pa9\x64\debug\tower_de.b78eb45f.tlog\link.write.1.tlog
